<testsuites name="jest tests" tests="4" failures="1" time="2.585">
  <testsuite name="undefined" errors="0" failures="1" skipped="0" timestamp="2020-10-02T11:35:41" time="2.585" tests="4">
    <testcase classname=" Initial articles render correctly" name=" Initial articles render correctly" time="0.038">
      <failure>Error: expect(received).toEqual(expected) // deep equality

- Expected
+ Received

  Array [
-   &quot;Artificial Mountains&quot;,
-   &quot;200&quot;,
-   &quot;2019-11-23&quot;,
+   &quot;Alphabet earnings&quot;,
+   &quot;22&quot;,
+   &quot;2011-11-23&quot;,
  ]
    at forEach (/Users/umar/Documents/codebox/hackerrank/62526192-77da-4bf8-b94e-4bd1ce3988ef/src/App.test.js:89:36)
    at Array.forEach (&lt;anonymous&gt;)
    at expectArticles (/Users/umar/Documents/codebox/hackerrank/62526192-77da-4bf8-b94e-4bd1ce3988ef/src/App.test.js:84:12)
    at Object.&lt;anonymous&gt; (/Users/umar/Documents/codebox/hackerrank/62526192-77da-4bf8-b94e-4bd1ce3988ef/src/App.test.js:97:3)
    at Object.asyncJestTest (/Users/umar/Documents/codebox/hackerrank/62526192-77da-4bf8-b94e-4bd1ce3988ef/node_modules/jest-jasmine2/build/jasmineAsyncInstall.js:102:37)
    at /Users/umar/Documents/codebox/hackerrank/62526192-77da-4bf8-b94e-4bd1ce3988ef/node_modules/jest-jasmine2/build/queueRunner.js:43:12
    at new Promise (&lt;anonymous&gt;)
    at mapper (/Users/umar/Documents/codebox/hackerrank/62526192-77da-4bf8-b94e-4bd1ce3988ef/node_modules/jest-jasmine2/build/queueRunner.js:26:19)
    at /Users/umar/Documents/codebox/hackerrank/62526192-77da-4bf8-b94e-4bd1ce3988ef/node_modules/jest-jasmine2/build/queueRunner.js:73:41
    at processTicksAndRejections (internal/process/task_queues.js:93:5)</failure>
    </testcase>
    <testcase classname=" Clicking on top renders expected articles" name=" Clicking on top renders expected articles" time="0.017">
    </testcase>
    <testcase classname=" Clicking on newest renders expected articles" name=" Clicking on newest renders expected articles" time="0.014">
    </testcase>
    <testcase classname=" Sequence of navigation clicks renders expected artices" name=" Sequence of navigation clicks renders expected artices" time="0.034">
    </testcase>
  </testsuite>
</testsuites>